Using pre-set license
Built from '2020.3/staging' branch; Version is '2020.3.4f1 (0abb6314276a) revision 703331'; Using compiler version '192528614'; Build Type 'Release'
OS: 'Windows 10 Home; OS build 19042.985; Version 2009; 64bit' Language: 'en' Physical Memory: 16266 MB
BatchMode: 1, IsHumanControllingUs: 0, StartBugReporterOnCrash: 0, Is64bit: 1, IsPro: 0

 COMMAND LINE ARGUMENTS:
C:\Program Files\Unity\Hub\Editor\2020.3.4f1\Editor\Unity.exe
-adb2
-batchMode
-noUpm
-name
AssetImportWorker0
-projectPath
C:/Users/mert-/Space Shooter
-logFile
Logs/AssetImportWorker0.log
-srvPort
49940
Successfully changed project path to: C:/Users/mert-/Space Shooter
C:/Users/mert-/Space Shooter
Using Asset Import Pipeline V2.
Refreshing native plugins compatible for Editor in 47.66 ms, found 1 plugins.
Preloading 0 native plugins for Editor in 0.00 ms.
Initialize engine version: 2020.3.4f1 (0abb6314276a)
[Subsystems] Discovering subsystems at path C:/Program Files/Unity/Hub/Editor/2020.3.4f1/Editor/Data/Resources/UnitySubsystems
[Subsystems] Discovering subsystems at path C:/Users/mert-/Space Shooter/Assets
GfxDevice: creating device client; threaded=0
Direct3D:
    Version:  Direct3D 11.0 [level 11.0]
    Renderer: NVIDIA GeForce GTX 870M (ID=0x1199)
    Vendor:   
    VRAM:     3029 MB
    Driver:   25.21.14.2531
Initialize mono
Mono path[0] = 'C:/Program Files/Unity/Hub/Editor/2020.3.4f1/Editor/Data/Managed'
Mono path[1] = 'C:/Program Files/Unity/Hub/Editor/2020.3.4f1/Editor/Data/MonoBleedingEdge/lib/mono/unityjit'
Mono config path = 'C:/Program Files/Unity/Hub/Editor/2020.3.4f1/Editor/Data/MonoBleedingEdge/etc'
Using monoOptions --debugger-agent=transport=dt_socket,embedding=1,server=y,suspend=n,address=127.0.0.1:56616
Begin MonoManager ReloadAssembly
Registering precompiled unity dll's ...
Register platform support module: C:/Program Files/Unity/Hub/Editor/2020.3.4f1/Editor/Data/PlaybackEngines/WebGLSupport/UnityEditor.WebGL.Extensions.dll
Register platform support module: C:/Program Files/Unity/Hub/Editor/2020.3.4f1/Editor/Data/PlaybackEngines/WindowsStandaloneSupport/UnityEditor.WindowsStandalone.Extensions.dll
Registered in 0.003038 seconds.
Native extension for WindowsStandalone target not found
Native extension for WebGL target not found
Refreshing native plugins compatible for Editor in 52.58 ms, found 1 plugins.
Preloading 0 native plugins for Editor in 0.00 ms.
Mono: successfully reloaded assembly
- Completed reload, in  1.299 seconds
Platform modules already initialized, skipping
Registering precompiled user dll's ...
Registered in 0.001120 seconds.
Begin MonoManager ReloadAssembly
Native extension for WindowsStandalone target not found
Native extension for WebGL target not found
Refreshing native plugins compatible for Editor in 45.97 ms, found 1 plugins.
Preloading 0 native plugins for Editor in 0.00 ms.
Mono: successfully reloaded assembly
- Completed reload, in  1.196 seconds
Platform modules already initialized, skipping
========================================================================
Worker process is ready to serve import requests
Launched and connected shader compiler UnityShaderCompiler.exe after 0.06 seconds
Refreshing native plugins compatible for Editor in 0.46 ms, found 1 plugins.
Preloading 0 native plugins for Editor in 0.00 ms.
Unloading 1833 Unused Serialized files (Serialized files now loaded: 0)
System memory in use before: 87.9 MB.
System memory in use after: 87.8 MB.

Unloading 24 unused Assets to reduce memory usage. Loaded Objects now: 2280.
Total: 2.797900 ms (FindLiveObjects: 0.289900 ms CreateObjectMapping: 0.161700 ms MarkObjects: 2.182900 ms  DeleteObjects: 0.162300 ms)

========================================================================
Received Import Request.
  path: Assets/Prefabs/Game Canvas.prefab
  artifactKey: Guid(ad79035028334074596e6415814a7e39) Importer(815301076,1909f56bfc062723c751e8b465ee728b)
Start importing Assets/Prefabs/Game Canvas.prefab using Guid(ad79035028334074596e6415814a7e39) Importer(815301076,1909f56bfc062723c751e8b465ee728b)  -> (artifact id: 'ec0fa4f9b9be8e950b4abc7db9253de9') in 0.077264 seconds
  Import took 0.082142 seconds .

========================================================================
Received Import Request.
  Time since last request: 0.041204 seconds.
  path: Assets/Prefabs/Game Canvas.prefab
  artifactKey: Guid(ad79035028334074596e6415814a7e39) Importer(815301076,1909f56bfc062723c751e8b465ee728b)
Start importing Assets/Prefabs/Game Canvas.prefab using Guid(ad79035028334074596e6415814a7e39) Importer(815301076,1909f56bfc062723c751e8b465ee728b)  -> (artifact id: 'ec0fa4f9b9be8e950b4abc7db9253de9') in 0.005950 seconds
  Import took 0.009820 seconds .

========================================================================
Received Prepare
Registering precompiled user dll's ...
Registered in 0.001030 seconds.
Begin MonoManager ReloadAssembly
Native extension for WindowsStandalone target not found
Native extension for WebGL target not found
Refreshing native plugins compatible for Editor in 0.53 ms, found 1 plugins.
Preloading 0 native plugins for Editor in 0.00 ms.
Mono: successfully reloaded assembly
- Completed reload, in  1.037 seconds
Platform modules already initialized, skipping
Refreshing native plugins compatible for Editor in 0.53 ms, found 1 plugins.
Preloading 0 native plugins for Editor in 0.00 ms.
Unloading 1815 Unused Serialized files (Serialized files now loaded: 0)
System memory in use before: 86.6 MB.
System memory in use after: 86.5 MB.

Unloading 12 unused Assets to reduce memory usage. Loaded Objects now: 2284.
Total: 2.983100 ms (FindLiveObjects: 0.301300 ms CreateObjectMapping: 0.213600 ms MarkObjects: 2.293800 ms  DeleteObjects: 0.172800 ms)

========================================================================
Received Import Request.
  Time since last request: 267.119751 seconds.
  path: Assets/Scenes/Game Over.unity
  artifactKey: Guid(535d699cb96431e4f90c251cb8ca58c9) Importer(815301076,1909f56bfc062723c751e8b465ee728b)
Start importing Assets/Scenes/Game Over.unity using Guid(535d699cb96431e4f90c251cb8ca58c9) Importer(815301076,1909f56bfc062723c751e8b465ee728b)  -> (artifact id: 'a09ee1af49dd37dcf740a6fdfdc15549') in 0.023168 seconds
  Import took 0.027224 seconds .

========================================================================
Received Prepare
Registering precompiled user dll's ...
Registered in 0.001029 seconds.
Begin MonoManager ReloadAssembly
Native extension for WindowsStandalone target not found
Native extension for WebGL target not found
Refreshing native plugins compatible for Editor in 0.51 ms, found 1 plugins.
Preloading 0 native plugins for Editor in 0.00 ms.
Mono: successfully reloaded assembly
- Completed reload, in  1.009 seconds
Platform modules already initialized, skipping
Refreshing native plugins compatible for Editor in 0.57 ms, found 1 plugins.
Preloading 0 native plugins for Editor in 0.00 ms.
Unloading 1815 Unused Serialized files (Serialized files now loaded: 0)
System memory in use before: 86.6 MB.
System memory in use after: 86.6 MB.

Unloading 12 unused Assets to reduce memory usage. Loaded Objects now: 2288.
Total: 2.824400 ms (FindLiveObjects: 0.331600 ms CreateObjectMapping: 0.099100 ms MarkObjects: 2.264200 ms  DeleteObjects: 0.127700 ms)

========================================================================
Received Prepare
Registering precompiled user dll's ...
Registered in 0.001046 seconds.
Begin MonoManager ReloadAssembly
Native extension for WindowsStandalone target not found
Native extension for WebGL target not found
Refreshing native plugins compatible for Editor in 0.47 ms, found 1 plugins.
Preloading 0 native plugins for Editor in 0.00 ms.
Mono: successfully reloaded assembly
- Completed reload, in  1.034 seconds
Platform modules already initialized, skipping
Refreshing native plugins compatible for Editor in 0.56 ms, found 1 plugins.
Preloading 0 native plugins for Editor in 0.00 ms.
Unloading 1815 Unused Serialized files (Serialized files now loaded: 0)
System memory in use before: 86.6 MB.
System memory in use after: 86.6 MB.

Unloading 12 unused Assets to reduce memory usage. Loaded Objects now: 2292.
Total: 2.760000 ms (FindLiveObjects: 0.267100 ms CreateObjectMapping: 0.098900 ms MarkObjects: 2.249800 ms  DeleteObjects: 0.142400 ms)

========================================================================
Received Import Request.
  Time since last request: 415.512420 seconds.
  path: Assets/Scenes/Game Over.unity
  artifactKey: Guid(535d699cb96431e4f90c251cb8ca58c9) Importer(815301076,1909f56bfc062723c751e8b465ee728b)
Start importing Assets/Scenes/Game Over.unity using Guid(535d699cb96431e4f90c251cb8ca58c9) Importer(815301076,1909f56bfc062723c751e8b465ee728b)  -> (artifact id: '7b00bb1eb1bc9834e6054d91f20fde70') in 0.014234 seconds
  Import took 0.018463 seconds .

========================================================================
Received Import Request.
  Time since last request: 67.752567 seconds.
  path: Assets/Scripts/HealthDisplay.cs
  artifactKey: Guid(07cfd3b47ea14f24c8f103df5a4b6cf9) Importer(815301076,1909f56bfc062723c751e8b465ee728b)
Start importing Assets/Scripts/HealthDisplay.cs using Guid(07cfd3b47ea14f24c8f103df5a4b6cf9) Importer(815301076,1909f56bfc062723c751e8b465ee728b)  -> (artifact id: 'b988088a3f2054de8e4d71a66ddd693c') in 0.015065 seconds
  Import took 0.020847 seconds .

========================================================================
Received Prepare
Registering precompiled user dll's ...
Registered in 0.001007 seconds.
Begin MonoManager ReloadAssembly
Native extension for WindowsStandalone target not found
Native extension for WebGL target not found
Refreshing native plugins compatible for Editor in 0.45 ms, found 1 plugins.
Preloading 0 native plugins for Editor in 0.00 ms.
Mono: successfully reloaded assembly
- Completed reload, in  1.010 seconds
Platform modules already initialized, skipping
Refreshing native plugins compatible for Editor in 0.54 ms, found 1 plugins.
Preloading 0 native plugins for Editor in 0.00 ms.
Unloading 1816 Unused Serialized files (Serialized files now loaded: 0)
System memory in use before: 86.7 MB.
System memory in use after: 86.7 MB.

Unloading 12 unused Assets to reduce memory usage. Loaded Objects now: 2297.
Total: 2.969600 ms (FindLiveObjects: 0.283200 ms CreateObjectMapping: 0.179300 ms MarkObjects: 2.369400 ms  DeleteObjects: 0.136300 ms)

========================================================================
Received Import Request.
  Time since last request: 35.747209 seconds.
  path: Assets/Scenes/Game.unity
  artifactKey: Guid(d4b9476b4f45b554db97de62030e120f) Importer(815301076,1909f56bfc062723c751e8b465ee728b)
Start importing Assets/Scenes/Game.unity using Guid(d4b9476b4f45b554db97de62030e120f) Importer(815301076,1909f56bfc062723c751e8b465ee728b)  -> (artifact id: 'a314b2850cd6b9259739cdd7c5308b74') in 0.021442 seconds
  Import took 0.025549 seconds .

========================================================================
Received Import Request.
  Time since last request: 255.393693 seconds.
  path: Assets/Prefabs/Score Canvas.prefab
  artifactKey: Guid(f09a9168b4351194ab6b062f67c517ba) Importer(815301076,1909f56bfc062723c751e8b465ee728b)
Start importing Assets/Prefabs/Score Canvas.prefab using Guid(f09a9168b4351194ab6b062f67c517ba) Importer(815301076,1909f56bfc062723c751e8b465ee728b)  -> (artifact id: '0a53a7380d37c3676498c9b3b335d965') in 0.037371 seconds
  Import took 0.041575 seconds .

========================================================================
Received Import Request.
  Time since last request: 11.792210 seconds.
  path: Assets/Scenes/Game.unity
  artifactKey: Guid(d4b9476b4f45b554db97de62030e120f) Importer(815301076,1909f56bfc062723c751e8b465ee728b)
Start importing Assets/Scenes/Game.unity using Guid(d4b9476b4f45b554db97de62030e120f) Importer(815301076,1909f56bfc062723c751e8b465ee728b)  -> (artifact id: 'de6f764e50dc295fe648d2456f38f5f7') in 0.003613 seconds
  Import took 0.008516 seconds .

========================================================================
Received Import Request.
  Time since last request: 57.860609 seconds.
  path: Assets/Scripts/HealthDisplay.cs
  artifactKey: Guid(07cfd3b47ea14f24c8f103df5a4b6cf9) Importer(815301076,1909f56bfc062723c751e8b465ee728b)
Start importing Assets/Scripts/HealthDisplay.cs using Guid(07cfd3b47ea14f24c8f103df5a4b6cf9) Importer(815301076,1909f56bfc062723c751e8b465ee728b)  -> (artifact id: '2764c045bf7a8dfad0e60fbb35f5cd52') in 0.003957 seconds
  Import took 0.009413 seconds .

========================================================================
Received Prepare
Registering precompiled user dll's ...
Registered in 0.001197 seconds.
Begin MonoManager ReloadAssembly
Native extension for WindowsStandalone target not found
Native extension for WebGL target not found
Refreshing native plugins compatible for Editor in 0.51 ms, found 1 plugins.
Preloading 0 native plugins for Editor in 0.00 ms.
Mono: successfully reloaded assembly
- Completed reload, in  1.067 seconds
Platform modules already initialized, skipping
Refreshing native plugins compatible for Editor in 0.55 ms, found 1 plugins.
Preloading 0 native plugins for Editor in 0.00 ms.
Unloading 1816 Unused Serialized files (Serialized files now loaded: 0)
System memory in use before: 86.7 MB.
System memory in use after: 86.7 MB.

Unloading 12 unused Assets to reduce memory usage. Loaded Objects now: 2301.
Total: 2.943500 ms (FindLiveObjects: 0.234600 ms CreateObjectMapping: 0.101000 ms MarkObjects: 2.472800 ms  DeleteObjects: 0.133900 ms)

========================================================================
Received Import Request.
  Time since last request: 54.668701 seconds.
  path: Assets/Scripts/HealthDisplay.cs
  artifactKey: Guid(07cfd3b47ea14f24c8f103df5a4b6cf9) Importer(815301076,1909f56bfc062723c751e8b465ee728b)
Start importing Assets/Scripts/HealthDisplay.cs using Guid(07cfd3b47ea14f24c8f103df5a4b6cf9) Importer(815301076,1909f56bfc062723c751e8b465ee728b)  -> (artifact id: 'c9263548a6edef8dd59920f68d72b54e') in 0.008844 seconds
  Import took 0.013013 seconds .

========================================================================
Received Import Request.
  Time since last request: 220.518770 seconds.
  path: Assets/Scripts/HealthDisplay.cs
  artifactKey: Guid(07cfd3b47ea14f24c8f103df5a4b6cf9) Importer(815301076,1909f56bfc062723c751e8b465ee728b)
Start importing Assets/Scripts/HealthDisplay.cs using Guid(07cfd3b47ea14f24c8f103df5a4b6cf9) Importer(815301076,1909f56bfc062723c751e8b465ee728b)  -> (artifact id: '5040a489acb1c6f0f5349742e211a8ad') in 0.010294 seconds
  Import took 0.014708 seconds .

========================================================================
Received Prepare
Registering precompiled user dll's ...
Registered in 0.001175 seconds.
Begin MonoManager ReloadAssembly
Native extension for WindowsStandalone target not found
Native extension for WebGL target not found
Refreshing native plugins compatible for Editor in 0.45 ms, found 1 plugins.
Preloading 0 native plugins for Editor in 0.00 ms.
Mono: successfully reloaded assembly
- Completed reload, in  0.997 seconds
Platform modules already initialized, skipping
Refreshing native plugins compatible for Editor in 0.54 ms, found 1 plugins.
Preloading 0 native plugins for Editor in 0.00 ms.
Unloading 1816 Unused Serialized files (Serialized files now loaded: 0)
System memory in use before: 86.7 MB.
System memory in use after: 86.7 MB.

Unloading 12 unused Assets to reduce memory usage. Loaded Objects now: 2305.
Total: 2.626100 ms (FindLiveObjects: 0.281800 ms CreateObjectMapping: 0.149600 ms MarkObjects: 2.037800 ms  DeleteObjects: 0.155600 ms)

========================================================================
Received Prepare
Registering precompiled user dll's ...
Registered in 0.001798 seconds.
Begin MonoManager ReloadAssembly
Native extension for WindowsStandalone target not found
Native extension for WebGL target not found
Refreshing native plugins compatible for Editor in 0.49 ms, found 1 plugins.
Preloading 0 native plugins for Editor in 0.00 ms.
Mono: successfully reloaded assembly
- Completed reload, in  1.072 seconds
Platform modules already initialized, skipping
Refreshing native plugins compatible for Editor in 0.55 ms, found 1 plugins.
Preloading 0 native plugins for Editor in 0.00 ms.
Unloading 1816 Unused Serialized files (Serialized files now loaded: 0)
System memory in use before: 86.7 MB.
System memory in use after: 86.7 MB.

Unloading 12 unused Assets to reduce memory usage. Loaded Objects now: 2309.
Total: 3.213000 ms (FindLiveObjects: 0.274700 ms CreateObjectMapping: 0.174000 ms MarkObjects: 2.628600 ms  DeleteObjects: 0.134100 ms)

========================================================================
Received Import Request.
  Time since last request: 162.019722 seconds.
  path: ProjectSettings/TagManager.asset
  artifactKey: Guid(00000000000000003000000000000000) Importer(815301076,1909f56bfc062723c751e8b465ee728b)
Start importing ProjectSettings/TagManager.asset using Guid(00000000000000003000000000000000) Importer(815301076,1909f56bfc062723c751e8b465ee728b)  -> (artifact id: 'd52bf3e56fbe396564590be9d0d47233') in 0.025456 seconds
  Import took 0.029565 seconds .

========================================================================
Received Prepare
Registering precompiled user dll's ...
Registered in 0.001132 seconds.
Begin MonoManager ReloadAssembly
Native extension for WindowsStandalone target not found
Native extension for WebGL target not found
Refreshing native plugins compatible for Editor in 0.49 ms, found 1 plugins.
Preloading 0 native plugins for Editor in 0.00 ms.
Mono: successfully reloaded assembly
- Completed reload, in  0.996 seconds
Platform modules already initialized, skipping
Refreshing native plugins compatible for Editor in 0.55 ms, found 1 plugins.
Preloading 0 native plugins for Editor in 0.00 ms.
Unloading 1816 Unused Serialized files (Serialized files now loaded: 0)
System memory in use before: 86.7 MB.
System memory in use after: 86.7 MB.

Unloading 13 unused Assets to reduce memory usage. Loaded Objects now: 2313.
Total: 2.820400 ms (FindLiveObjects: 0.281200 ms CreateObjectMapping: 0.099400 ms MarkObjects: 2.307900 ms  DeleteObjects: 0.130000 ms)

========================================================================
Received Prepare
Registering precompiled user dll's ...
Registered in 0.001160 seconds.
Begin MonoManager ReloadAssembly
Native extension for WindowsStandalone target not found
Native extension for WebGL target not found
Refreshing native plugins compatible for Editor in 0.49 ms, found 1 plugins.
Preloading 0 native plugins for Editor in 0.00 ms.
Mono: successfully reloaded assembly
- Completed reload, in  1.011 seconds
Platform modules already initialized, skipping
Refreshing native plugins compatible for Editor in 0.57 ms, found 1 plugins.
Preloading 0 native plugins for Editor in 0.00 ms.
Unloading 1816 Unused Serialized files (Serialized files now loaded: 0)
System memory in use before: 86.7 MB.
System memory in use after: 86.7 MB.

Unloading 12 unused Assets to reduce memory usage. Loaded Objects now: 2317.
Total: 2.710300 ms (FindLiveObjects: 0.282500 ms CreateObjectMapping: 0.099400 ms MarkObjects: 2.199700 ms  DeleteObjects: 0.127100 ms)

========================================================================
Received Prepare
Registering precompiled user dll's ...
Registered in 0.001152 seconds.
Begin MonoManager ReloadAssembly
Native extension for WindowsStandalone target not found
Native extension for WebGL target not found
Refreshing native plugins compatible for Editor in 0.47 ms, found 1 plugins.
Preloading 0 native plugins for Editor in 0.00 ms.
Mono: successfully reloaded assembly
- Completed reload, in  1.002 seconds
Platform modules already initialized, skipping
Refreshing native plugins compatible for Editor in 0.58 ms, found 1 plugins.
Preloading 0 native plugins for Editor in 0.00 ms.
Unloading 1816 Unused Serialized files (Serialized files now loaded: 0)
System memory in use before: 86.8 MB.
System memory in use after: 86.7 MB.

Unloading 12 unused Assets to reduce memory usage. Loaded Objects now: 2321.
Total: 2.957200 ms (FindLiveObjects: 0.276400 ms CreateObjectMapping: 0.167700 ms MarkObjects: 2.383800 ms  DeleteObjects: 0.128000 ms)

========================================================================
Received Import Request.
  Time since last request: 816.264407 seconds.
  path: Assets/Scripts/Level.cs
  artifactKey: Guid(c21d764eff54f154c92daa7d33b1fb3b) Importer(815301076,1909f56bfc062723c751e8b465ee728b)
Start importing Assets/Scripts/Level.cs using Guid(c21d764eff54f154c92daa7d33b1fb3b) Importer(815301076,1909f56bfc062723c751e8b465ee728b)  -> (artifact id: 'a8fe86e9ca952166625068d265a6e9f2') in 0.014463 seconds
  Import took 0.019137 seconds .

========================================================================
Received Import Request.
  Time since last request: 0.001463 seconds.
  path: Assets/Scripts/Level.cs
  artifactKey: Guid(c21d764eff54f154c92daa7d33b1fb3b) Importer(815301076,1909f56bfc062723c751e8b465ee728b)
Start importing Assets/Scripts/Level.cs using Guid(c21d764eff54f154c92daa7d33b1fb3b) Importer(815301076,1909f56bfc062723c751e8b465ee728b)  -> (artifact id: 'a8fe86e9ca952166625068d265a6e9f2') in 0.002596 seconds
  Import took 0.006374 seconds .

AssetImportWorkerClient::OnTransportError - code=2 error=End of file
